Arguments: 
  /usr/local/bin/node /usr/local/Cellar/yarn/1.2.1/libexec/bin/yarn.js publish

PATH: 
  /usr/local/bin:/usr/bin:/bin:/usr/sbin:/sbin

Yarn version: 
  1.2.1

Node version: 
  8.5.0

Platform: 
  darwin x64

npm manifest: 
  {
    "name": "gelerator",
    "version": "1.1.2",
    "description": "Generate Element in a simple way.",
    "main": "gelerator.js",
    "repository": "gaoryrt/gelerator",
    "author": {
      "name": "gaoryrt",
      "email": "gaoryrt@gmail.com",
      "url": "gaoryrt.com"
    },
    "license": "MIT",
    "files": [
      "index.js"
    ],
    "keywords": [
      "html-in-js",
      "element",
      "generate"
    ],
    "dependencies": {
      "lodash.iselement": "^4.1.1",
      "lodash.isobject": "^3.0.2",
      "lodash.isstring": "^4.0.1"
    }
  }

yarn manifest: 
  No manifest

Lockfile: 
  # THIS IS AN AUTOGENERATED FILE. DO NOT EDIT THIS FILE DIRECTLY.
  # yarn lockfile v1
  
  
  lodash.iselement@^4.1.1:
    version "4.1.1"
    resolved "http://registry.npm.taobao.org/lodash.iselement/download/lodash.iselement-4.1.1.tgz#f678d4f6f3a964f9ec7f115f2546f3e4a0ba82ca"
  
  lodash.isobject@^3.0.2:
    version "3.0.2"
    resolved "http://registry.npm.taobao.org/lodash.isobject/download/lodash.isobject-3.0.2.tgz#3c8fb8d5b5bf4bf90ae06e14f2a530a4ed935e1d"
  
  lodash.isstring@^4.0.1:
    version "4.0.1"
    resolved "http://registry.npm.taobao.org/lodash.isstring/download/lodash.isstring-4.0.1.tgz#d527dfb5456eca7cc9bb95d5daeaf88ba54a5451"

Trace: 
  Error: canceled
      at Interface.<anonymous> (/usr/local/Cellar/yarn/1.2.1/libexec/lib/cli.js:120971:13)
      at emitNone (events.js:105:13)
      at Interface.emit (events.js:207:7)
      at Interface._ttyWrite (readline.js:770:16)
      at ReadStream.onkeypress (readline.js:158:10)
      at emitTwo (events.js:125:13)
      at ReadStream.emit (events.js:213:7)
      at emitKeys (internal/readline.js:420:14)
      at emitKeys.next (<anonymous>)
      at ReadStream.onData (readline.js:1007:36)
